Organizer loaded at Sat Nov 15 19:54:09 2025
2025-11-15 19:54:09| Organizer [VERBOSE] Adding inventory to the pull list
2025-11-15 19:54:09| Organizer [VERBOSE] Adding wardrobe7 to the pull list
2025-11-15 19:54:09| Organizer [VERBOSE] Adding satchel to the pull list
2025-11-15 19:54:09| Organizer [VERBOSE] Adding wardrobe8 to the pull list
2025-11-15 19:54:09| Organizer [VERBOSE] Adding wardrobe6 to the pull list
2025-11-15 19:54:09| Organizer [VERBOSE] Adding wardrobe5 to the pull list
2025-11-15 19:54:09| Organizer [VERBOSE] Adding sack to the pull list
2025-11-15 19:54:09| Organizer [VERBOSE] Adding safe2 to the pull list
2025-11-15 19:54:09| Organizer [VERBOSE] Adding wardrobe3 to the pull list
2025-11-15 19:54:09| Organizer [VERBOSE] Adding wardrobe4 to the pull list
2025-11-15 19:54:09| Organizer [VERBOSE] Adding safe to the pull list
2025-11-15 19:54:09| Organizer [VERBOSE] Adding wardrobe to the pull list
2025-11-15 19:54:09| Organizer [VERBOSE] Adding storage to the pull list
2025-11-15 19:54:09| Organizer [VERBOSE] Adding locker to the pull list
2025-11-15 19:54:09| Organizer [VERBOSE] Adding wardrobe2 to the pull list
2025-11-15 19:54:09| Organizer [VERBOSE] Adding case to the pull list
2025-11-15 19:54:09| Organizer [VERBOSE] Adding locker to the push list
2025-11-15 19:54:09| Organizer [VERBOSE] Adding satchel to the push list
2025-11-15 19:54:09| Organizer [VERBOSE] Adding safe2 to the push list
2025-11-15 19:54:09| Organizer [VERBOSE] Adding safe to the push list
2025-11-15 19:54:09| Organizer [VERBOSE] Adding sack to the push list
2025-11-15 19:54:09| Organizer [VERBOSE] Adding case to the push list
2025-11-15 20:58:21| Organizer [MSG] Starting...
2025-11-15 20:58:21| Organizer [VERBOSE] Getting!
2025-11-15 20:58:21| Organizer [VERBOSE] Moving item! (Mousai Turban +1) from Case 69 to Inventory 41)
2025-11-15 20:58:21| Organizer [VERBOSE] Got 1 item(s), and failed getting 0 item(s)
2025-11-15 22:26:52| Organizer [MSG] Starting...
2025-11-15 22:26:52| Organizer [VERBOSE] Getting!
2025-11-15 22:26:52| Organizer [VERBOSE] Moving item! (Gelai Earring) from Satchel 74 to Inventory 43)
2025-11-15 22:26:52| Organizer [VERBOSE] Moving item! (Automat. Oil +3) from Safe 57 to Inventory 44)
2025-11-15 22:26:52| Organizer [VERBOSE] Moving item! (Guignol Earring) from Satchel 73 to Inventory 45)
2025-11-15 22:26:52| Organizer [VERBOSE] Moving item! (Denouements) from Safe 2 68 to Inventory 46)
2025-11-15 22:26:52| Organizer [VERBOSE] Moving item! (Naji's Loop) from Locker 72 to Inventory 47)
2025-11-15 22:26:52| Organizer [VERBOSE] Moving item! (Taeon Chapeau) from Safe 2 67 to Inventory 48)
2025-11-15 22:26:52| Organizer [VERBOSE] Moving item! (Heyoka Harness) from Safe 2 66 to Inventory 49)
2025-11-15 22:26:52| Organizer [VERBOSE] Moving item! (Heyoka Mittens) from Safe 2 65 to Inventory 50)
2025-11-15 22:26:52| Organizer [VERBOSE] Moving item! (Herculean Helm) from Locker 71 to Inventory 51)
2025-11-15 22:26:52| Organizer [VERBOSE] Moving item! (Goldsmith's Belt) from Case 77 to Inventory 52)
2025-11-15 22:26:52| Organizer [VERBOSE] Moving item! (Grape Daifuku) from Satchel 72 to Inventory 53)
2025-11-15 22:26:52| Organizer [VERBOSE] Moving item! (Sakpata's Fists) from Safe 2 64 to Inventory 54)
2025-11-15 22:26:52| Organizer [VERBOSE] Moving item! (Vile Elixir) from Satchel 71 to Inventory 55)
2025-11-15 22:26:52| Organizer [VERBOSE] Moving item! (Remedy) from Satchel 70 to Inventory 56)
2025-11-15 22:26:52| Organizer [VERBOSE] Moving item! (Red Curry Bun) from Satchel 69 to Inventory 57)
2025-11-15 22:26:52| Organizer [VERBOSE] Moving item! (Varga Purnikawa) from Safe 2 63 to Inventory 58)
2025-11-15 22:26:52| Organizer [VERBOSE] Moving item! (Carbonara) from Satchel 68 to Inventory 59)
2025-11-15 22:26:52| Organizer [VERBOSE] Moving item! (Vile Elixir +1) from Satchel 67 to Inventory 60)
2025-11-15 22:26:52| Organizer [VERBOSE] Got 18 item(s), and failed getting 0 item(s)
2025-11-15 22:26:52| Organizer [VERBOSE] Moving item! (Mousai Turban +1) from Inventory 61 to Safe 56)
2025-11-15 22:26:52| Organizer [VERBOSE] Moving item! (Sanctity Necklace) from Inventory 60 to Safe 57)
2025-11-15 22:26:52| Organizer [VERBOSE] Moving item! (Hidhaegg's Scale) from Inventory 59 to Safe 58)
2025-11-15 22:26:52| Organizer [VERBOSE] Moving item! (Sovereign's Hide) from Inventory 58 to Safe 59)
2025-11-15 22:26:52| Organizer [VERBOSE] Moving item! (Tumult's Blood) from Inventory 57 to Safe 60)
2025-11-15 22:26:52| Organizer [VERBOSE] Moving item! (Bard's Charm +2) from Inventory 56 to Safe 61)
2025-11-15 22:26:52| Organizer [VERBOSE] Moving item! (Pukatrice Egg) from Inventory 55 to Safe 62)
2025-11-15 22:26:52| Organizer [VERBOSE] Moving item! (Sarama's Hide) from Inventory 54 to Safe 63)
2025-11-15 22:26:52| Organizer [VERBOSE] Moving item! (Haoma's Ring) from Inventory 53 to Safe 64)
2025-11-15 22:26:52| Organizer [VERBOSE] Moving item! (Mou. Manteel +1) from Inventory 52 to Safe 65)
2025-11-15 22:26:52| Organizer [VERBOSE] Moving item! (Mou. Seraweels +1) from Inventory 51 to Safe 66)
2025-11-15 22:26:52| Organizer [VERBOSE] Moving item! (Poison Potion) from Inventory 50 to Safe 67)
2025-11-15 22:26:52| Organizer [VERBOSE] Moving item! (Linos) from Inventory 49 to Safe 68)
2025-11-15 22:26:52| Organizer [VERBOSE] Moving item! (Fili Earring +1) from Inventory 48 to Safe 69)
2025-11-15 22:26:52| Organizer [VERBOSE] Moving item! (Mou. Crackows +1) from Inventory 47 to Safe 70)
2025-11-15 22:26:52| Organizer [VERBOSE] Moving item! (Reraise Earring) from Inventory 46 to Safe 71)
2025-11-15 22:26:52| Organizer [WARN] Cannot move the item (Sakpata's Fists). It has already been moved.
2025-11-15 22:26:52| Organizer [VERBOSE] Moving item! (Merlinic Dastanas) from Inventory 45 to Safe 72)
2025-11-15 22:26:52| Organizer [VERBOSE] Moving item! (Merlinic Hood) from Inventory 44 to Safe 73)
2025-11-15 22:26:52| Organizer [VERBOSE] Moving item! (Toolbag (Ino)) from Inventory 43 to Safe 74)
2025-11-15 22:26:52| Organizer [VERBOSE] Moving item! (Fili Cothurnes +2) from Inventory 42 to Safe 75)
2025-11-15 22:26:52| Organizer [VERBOSE] Moving item! (Ghastly Stone +2) from Inventory 41 to Safe 76)
2025-11-15 22:26:52| Organizer [VERBOSE] Moving item! (Psycloth Manillas) from Inventory 40 to Safe 77)
2025-11-15 22:26:52| Organizer [VERBOSE] Moving item! (Water Crystal) from Inventory 39 to Safe 78)
2025-11-15 22:26:52| Organizer [VERBOSE] Moving item! (Muculent Ingot) from Inventory 38 to Safe 79)
2025-11-15 22:26:52| Organizer [VERBOSE] Moving item! (Mephitas's Ring) from Inventory 37 to Safe 2 62)
2025-11-15 22:26:52| Organizer [VERBOSE] Moving item! (Staghorn Coral) from Inventory 36 to Safe 2 63)
2025-11-15 22:26:52| Organizer [VERBOSE] Moving item! (Toolbag (Cho)) from Inventory 35 to Safe 2 64)
2025-11-15 22:26:52| Organizer [VERBOSE] Moving item! (Sealord Skin) from Inventory 34 to Safe 2 65)
2025-11-15 22:26:52| Organizer [VERBOSE] Moving item! (Hahava's Mail) from Inventory 33 to Safe 2 66)
2025-11-15 22:26:52| Organizer [VERBOSE] Moving item! (Seidr Cotehardie) from Inventory 32 to Safe 2 67)
2025-11-15 22:26:52| Organizer [VERBOSE] No remainder, so we found everything we were looking for!
2025-11-15 22:26:52| Organizer [WARN] Cannot move the item (Sakpata's Fists). It has already been moved.
2025-11-15 22:26:52| Organizer [MSG] Done! - 228 items matched and 0 items missing!
2025-11-15 22:27:48| Organizer [MSG] Starting...
2025-11-15 22:27:48| Organizer [VERBOSE] Getting!
2025-11-15 22:27:48| Organizer [VERBOSE] Got 0 item(s), and failed getting 0 item(s)
2025-11-15 23:27:34| Organizer [MSG] Starting...
2025-11-15 23:27:34| Organizer [VERBOSE] Getting!
2025-11-15 23:27:34| Organizer [VERBOSE] Moving item! (Sanctity Necklace) from Safe 80 to Inventory 30)
2025-11-15 23:27:34| Organizer [VERBOSE] Moving item! (Norifusa) from Safe 79 to Inventory 31)
2025-11-15 23:27:34| Organizer [VERBOSE] Moving item! (Makora Meikogai) from Safe 78 to Inventory 32)
2025-11-15 23:27:34| Organizer [VERBOSE] Moving item! (Kasuga Earring +1) from Case 76 to Inventory 33)
2025-11-15 23:27:34| Organizer [VERBOSE] Moving item! (Hidhaegg's Scale) from Safe 77 to Inventory 34)
2025-11-15 23:27:34| Organizer [VERBOSE] Moving item! (Sovereign's Hide) from Safe 76 to Inventory 35)
2025-11-15 23:27:34| Organizer [VERBOSE] Moving item! (Tumult's Blood) from Safe 75 to Inventory 36)
2025-11-15 23:27:34| Organizer [VERBOSE] Moving item! (Pukatrice Egg) from Safe 74 to Inventory 37)
2025-11-15 23:27:34| Organizer [VERBOSE] Moving item! (Sarama's Hide) from Safe 73 to Inventory 38)
2025-11-15 23:27:34| Organizer [VERBOSE] Got 9 item(s), and failed getting 0 item(s)
2025-11-15 23:27:34| Organizer [VERBOSE] Moving item! (Gelai Earring) from Inventory 39 to Safe 72)
2025-11-15 23:27:34| Organizer [VERBOSE] Moving item! (Automat. Oil +3) from Inventory 38 to Safe 73)
2025-11-15 23:27:34| Organizer [VERBOSE] Moving item! (Guignol Earring) from Inventory 37 to Safe 74)
2025-11-15 23:27:34| Organizer [VERBOSE] Moving item! (Denouements) from Inventory 36 to Safe 75)
2025-11-15 23:27:34| Organizer [VERBOSE] Moving item! (Taeon Chapeau) from Inventory 35 to Safe 76)
2025-11-15 23:27:34| Organizer [VERBOSE] Moving item! (Heyoka Harness) from Inventory 34 to Safe 77)
2025-11-15 23:27:34| Organizer [VERBOSE] Moving item! (Heyoka Mittens) from Inventory 33 to Safe 78)
2025-11-15 23:27:34| Organizer [VERBOSE] Moving item! (Herculean Helm) from Inventory 32 to Safe 79)
2025-11-15 23:27:34| Organizer [VERBOSE] Moving item! (Mache Earring +1) from Inventory 31 to Safe 2 68)
2025-11-15 23:27:34| Organizer [VERBOSE] Moving item! (Volte Spats) from Inventory 30 to Safe 2 69)
2025-11-15 23:27:34| Organizer [VERBOSE] Moving item! (Sakpata's Fists) from Inventory 29 to Safe 2 70)
2025-11-15 23:27:34| Organizer [VERBOSE] Moving item! (Bean Daifuku) from Inventory 28 to Safe 2 71)
2025-11-15 23:27:34| Organizer [VERBOSE] Moving item! (Varga Purnikawa) from Inventory 27 to Safe 2 72)
2025-11-15 23:27:34| Organizer [VERBOSE] No remainder, so we found everything we were looking for!
2025-11-15 23:27:34| Organizer [MSG] Done! - 184 items matched and 0 items missing!
2025-11-15 23:28:35| Organizer [MSG] Starting...
2025-11-15 23:28:35| Organizer [VERBOSE] Getting!
2025-11-15 23:28:35| Organizer [VERBOSE] Got 0 item(s), and failed getting 0 item(s)
2025-11-15 23:33:48| Organizer [MSG] Starting...
2025-11-15 23:33:48| Organizer [VERBOSE] Getting!
2025-11-15 23:33:48| Organizer [VERBOSE] Got 0 item(s), and failed getting 0 item(s)
2025-11-15 23:40:42| Organizer [MSG] Starting...
2025-11-15 23:40:43| Organizer [VERBOSE] Getting!
2025-11-15 23:40:43| Organizer [VERBOSE] Got 0 item(s), and failed getting 0 item(s)
2025-11-16 00:31:56| Organizer [MSG] Starting...
2025-11-16 00:31:56| Organizer [VERBOSE] Getting!
2025-11-16 00:31:56| Organizer [VERBOSE] Moving item! (Gelai Earring) from Safe 80 to Inventory 26)
2025-11-16 00:31:56| Organizer [VERBOSE] Moving item! (Automat. Oil +3) from Safe 79 to Inventory 27)
2025-11-16 00:31:56| Organizer [VERBOSE] Moving item! (Guignol Earring) from Safe 78 to Inventory 28)
2025-11-16 00:31:56| Organizer [VERBOSE] Moving item! (Denouements) from Safe 77 to Inventory 29)
2025-11-16 00:31:56| Organizer [VERBOSE] Moving item! (Taeon Chapeau) from Safe 76 to Inventory 30)
2025-11-16 00:31:56| Organizer [VERBOSE] Moving item! (Mache Earring +1) from Safe 2 73 to Inventory 31)
2025-11-16 00:31:56| Organizer [VERBOSE] Moving item! (Heyoka Harness) from Safe 75 to Inventory 32)
2025-11-16 00:31:56| Organizer [VERBOSE] Moving item! (Heyoka Mittens) from Safe 74 to Inventory 33)
2025-11-16 00:31:56| Organizer [VERBOSE] Moving item! (Herculean Helm) from Safe 73 to Inventory 34)
2025-11-16 00:31:56| Organizer [VERBOSE] Moving item! (Volte Spats) from Safe 2 72 to Inventory 35)
2025-11-16 00:31:56| Organizer [VERBOSE] Moving item! (Sakpata's Fists) from Safe 2 71 to Inventory 36)
2025-11-16 00:31:56| Organizer [VERBOSE] Moving item! (Varga Purnikawa) from Safe 2 70 to Inventory 37)
2025-11-16 00:31:56| Organizer [VERBOSE] Moving item! (Bean Daifuku) from Safe 2 69 to Inventory 38)
2025-11-16 00:31:56| Organizer [VERBOSE] Got 13 item(s), and failed getting 0 item(s)
2025-11-16 00:31:56| Organizer [VERBOSE] Moving item! (Sanctity Necklace) from Inventory 39 to Safe 72)
2025-11-16 00:31:56| Organizer [VERBOSE] Moving item! (Lustreless Wing) from Inventory 38 to Safe 73)
2025-11-16 00:31:56| Organizer [VERBOSE] Moving item! (Norifusa) from Inventory 37 to Safe 74)
2025-11-16 00:31:56| Organizer [VERBOSE] Moving item! (Makora Meikogai) from Inventory 36 to Safe 75)
2025-11-16 00:31:56| Organizer [VERBOSE] Moving item! (Kasuga Earring +1) from Inventory 35 to Safe 76)
2025-11-16 00:31:56| Organizer [VERBOSE] Moving item! (Hidhaegg's Scale) from Inventory 34 to Safe 77)
2025-11-16 00:31:56| Organizer [VERBOSE] Moving item! (Sovereign's Hide) from Inventory 33 to Safe 78)
2025-11-16 00:31:56| Organizer [VERBOSE] Moving item! (Tumult's Blood) from Inventory 32 to Safe 79)
2025-11-16 00:31:56| Organizer [VERBOSE] Moving item! (Pukatrice Egg) from Inventory 31 to Safe 2 68)
2025-11-16 00:31:56| Organizer [VERBOSE] Moving item! (Sarama's Hide) from Inventory 30 to Safe 2 69)
2025-11-16 00:31:56| Organizer [WARN] Cannot move the item (Sakpata's Fists). It has already been moved.
2025-11-16 00:31:56| Organizer [VERBOSE] Moving item! (Wakido Kabuto +3) from Inventory 29 to Safe 2 70)
2025-11-16 00:31:56| Organizer [VERBOSE] No remainder, so we found everything we were looking for!
2025-11-16 00:31:56| Organizer [WARN] Cannot move the item (Sakpata's Fists). It has already been moved.
2025-11-16 00:31:56| Organizer [MSG] Done! - 224 items matched and 0 items missing!
2025-11-16 00:31:57| Organizer [MSG] Starting...
2025-11-16 00:31:58| Organizer [VERBOSE] Getting!
2025-11-16 00:31:58| Organizer [VERBOSE] Moving item! (Sakpata's Fists) from Safe 2 73 to Inventory 26)
2025-11-16 00:31:58| Organizer [VERBOSE] Moving item! (Varga Purnikawa) from Safe 2 72 to Inventory 27)
2025-11-16 00:31:58| Organizer [VERBOSE] Moving item! (Bean Daifuku) from Safe 2 71 to Inventory 28)
2025-11-16 00:31:58| Organizer [VERBOSE] Got 3 item(s), and failed getting 0 item(s)
2025-11-16 00:31:58| Organizer [WARN] Cannot move the item (Sakpata's Fists). It has already been moved.
2025-11-16 00:31:58| Organizer [VERBOSE] Moving item! (Wakido Kabuto +3) from Inventory 29 to Safe 2 70)
2025-11-16 00:31:58| Organizer [VERBOSE] No remainder, so we found everything we were looking for!
2025-11-16 00:31:58| Organizer [WARN] Cannot move the item (Sakpata's Fists). It has already been moved.
2025-11-16 00:31:58| Organizer [MSG] Done! - 224 items matched and 0 items missing!
2025-11-16 00:32:49| Organizer [MSG] Starting...
2025-11-16 00:32:49| Organizer [VERBOSE] Getting!
2025-11-16 00:32:49| Organizer [VERBOSE] Got 0 item(s), and failed getting 0 item(s)
2025-11-16 12:49:40| Organizer [MSG] Starting...
2025-11-16 12:49:40| Organizer [VERBOSE] Getting!
2025-11-16 12:49:40| Organizer [VERBOSE] Moving item! (Sanctity Necklace) from Safe 80 to Inventory 54)
2025-11-16 12:49:40| Organizer [VERBOSE] Moving item! (Bard's Charm +2) from Safe 79 to Inventory 55)
2025-11-16 12:49:40| Organizer [VERBOSE] Moving item! (Haoma's Ring) from Safe 78 to Inventory 56)
2025-11-16 12:49:40| Organizer [VERBOSE] Moving item! (Mou. Manteel +1) from Safe 77 to Inventory 57)
2025-11-16 12:49:40| Organizer [VERBOSE] Moving item! (Mou. Seraweels +1) from Safe 76 to Inventory 58)
2025-11-16 12:49:40| Organizer [VERBOSE] Moving item! (Linos) from Safe 75 to Inventory 59)
2025-11-16 12:49:40| Organizer [VERBOSE] Moving item! (Fili Cothurnes +2) from Safe 74 to Inventory 60)
2025-11-16 12:49:40| Organizer [VERBOSE] Moving item! (Fili Earring +1) from Safe 73 to Inventory 61)
2025-11-16 12:49:40| Organizer [VERBOSE] Moving item! (Mou. Crackows +1) from Safe 72 to Inventory 62)
2025-11-16 12:49:40| Organizer [VERBOSE] Moving item! (Mousai Turban +1) from Safe 71 to Inventory 63)
2025-11-16 12:49:40| Organizer [VERBOSE] Moving item! (Hidhaegg's Scale) from Safe 70 to Inventory 64)
2025-11-16 12:49:40| Organizer [VERBOSE] Moving item! (Sovereign's Hide) from Safe 69 to Inventory 65)
2025-11-16 12:49:40| Organizer [VERBOSE] Moving item! (Pukatrice Egg) from Safe 2 70 to Inventory 66)
2025-11-16 12:49:40| Organizer [VERBOSE] Moving item! (Tumult's Blood) from Safe 68 to Inventory 67)
2025-11-16 12:49:40| Organizer [VERBOSE] Moving item! (Sarama's Hide) from Safe 2 69 to Inventory 68)
2025-11-16 12:49:40| Organizer [VERBOSE] Got 15 item(s), and failed getting 0 item(s)
2025-11-16 12:49:40| Organizer [VERBOSE] Moving item! (Abdhaljs Seal) from Inventory 69 to Safe 67)
2025-11-16 12:49:40| Organizer [VERBOSE] Moving item! (Gelai Earring) from Inventory 68 to Safe 68)
2025-11-16 12:49:40| Organizer [VERBOSE] Moving item! (Automat. Oil +3) from Inventory 67 to Safe 69)
2025-11-16 12:49:40| Organizer [VERBOSE] Moving item! (Guignol Earring) from Inventory 66 to Safe 70)
2025-11-16 12:49:40| Organizer [VERBOSE] Moving item! (Denouements) from Inventory 65 to Safe 71)
2025-11-16 12:49:40| Organizer [VERBOSE] Moving item! (Taeon Chapeau) from Inventory 64 to Safe 72)
2025-11-16 12:49:40| Organizer [WARN] Cannot move the item (Linos). It has already been moved.
2025-11-16 12:49:40| Organizer [VERBOSE] Moving item! (Heyoka Harness) from Inventory 63 to Safe 73)
2025-11-16 12:49:40| Organizer [WARN] Cannot move the item (Fili Earring +1). It has already been moved.
2025-11-16 12:49:40| Organizer [VERBOSE] Moving item! (Heyoka Mittens) from Inventory 62 to Safe 74)
2025-11-16 12:49:40| Organizer [VERBOSE] Moving item! (Herculean Helm) from Inventory 61 to Safe 75)
2025-11-16 12:49:40| Organizer [VERBOSE] Moving item! (Sakpata's Fists) from Inventory 60 to Safe 76)
2025-11-16 12:49:40| Organizer [VERBOSE] Moving item! (Varga Purnikawa) from Inventory 59 to Safe 77)
2025-11-16 12:49:40| Organizer [VERBOSE] Moving item! (Bean Daifuku) from Inventory 58 to Safe 78)
2025-11-16 12:49:40| Organizer [VERBOSE] Moving item! (Hiza. Somen +2) from Inventory 57 to Safe 79)
2025-11-16 12:49:40| Organizer [VERBOSE] Moving item! (Hiza. Haramaki +2) from Inventory 56 to Safe 2 68)
2025-11-16 12:49:40| Organizer [VERBOSE] Moving item! (Hiza. Hizayoroi +2) from Inventory 55 to Safe 2 69)
2025-11-16 12:49:40| Organizer [VERBOSE] Moving item! (Hiza. Sune-Ate +2) from Inventory 54 to Safe 2 70)
2025-11-16 12:49:40| Organizer [VERBOSE] Moving item! (Hizamaru Ring) from Inventory 53 to Safe 2 71)
2025-11-16 12:49:40| Organizer [VERBOSE] Moving item! (Tali'ah Turban +2) from Inventory 52 to Safe 2 72)
2025-11-16 12:49:40| Organizer [VERBOSE] Moving item! (Tali'ah Manteel +2) from Inventory 51 to Safe 2 73)
2025-11-16 12:49:40| Organizer [VERBOSE] Moving item! (Tali'ah Gages +2) from Inventory 50 to Safe 2 74)
2025-11-16 12:49:40| Organizer [VERBOSE] Moving item! (Tali'ah Sera. +2) from Inventory 49 to Safe 2 75)
2025-11-16 12:49:40| Organizer [VERBOSE] Moving item! (Tali'ah Crackows +2) from Inventory 48 to Safe 2 76)
2025-11-16 12:49:40| Organizer [VERBOSE] Moving item! (Tali'ah Ring) from Inventory 47 to Safe 2 77)
2025-11-16 12:49:40| Organizer [VERBOSE] Moving item! (Foire Dastanas +3) from Inventory 46 to Safe 2 78)
2025-11-16 12:49:40| Organizer [VERBOSE] Moving item! (Foire Babouches +3) from Inventory 45 to Safe 2 79)
2025-11-16 12:49:40| Organizer [VERBOSE] Moving item! (Pitre Taj +3) from Inventory 44 to Locker 70)
2025-11-16 12:49:40| Organizer [VERBOSE] Moving item! (Pitre Tobe +3) from Inventory 43 to Locker 71)
2025-11-16 12:49:40| Organizer [VERBOSE] Moving item! (Pitre Churidars +3) from Inventory 42 to Locker 72)
2025-11-16 12:49:40| Organizer [VERBOSE] Moving item! (Pitre Babouches +3) from Inventory 41 to Locker 73)
2025-11-16 12:49:40| Organizer [VERBOSE] Moving item! (Kara. Cappello +2) from Inventory 40 to Locker 74)
2025-11-16 12:49:40| Organizer [VERBOSE] Moving item! (Kara. Farsetto +2) from Inventory 39 to Locker 75)
2025-11-16 12:49:40| Organizer [VERBOSE] Moving item! (Karagoz Guanti +2) from Inventory 38 to Locker 76)
2025-11-16 12:49:40| Organizer [VERBOSE] Moving item! (Kara. Pantaloni +2) from Inventory 37 to Locker 77)
2025-11-16 12:49:40| Organizer [VERBOSE] Moving item! (Karagoz Scarpe +2) from Inventory 36 to Locker 78)
2025-11-16 12:49:40| Organizer [VERBOSE] No remainder, so we found everything we were looking for!
2025-11-16 12:49:40| Organizer [WARN] Cannot move the item (Linos). It has already been moved.
2025-11-16 12:49:40| Organizer [WARN] Cannot move the item (Fili Earring +1). It has already been moved.
2025-11-16 12:49:40| Organizer [MSG] Done! - 201 items matched and 0 items missing!
2025-11-16 12:49:42| Organizer [MSG] Starting...
2025-11-16 12:49:42| Organizer [VERBOSE] Getting!
2025-11-16 12:49:42| Organizer [VERBOSE] Moving item! (Sovereign's Hide) from Safe 80 to Inventory 33)
2025-11-16 12:49:42| Organizer [VERBOSE] Moving item! (Pukatrice Egg) from Safe 2 70 to Inventory 34)
2025-11-16 12:49:42| Organizer [VERBOSE] Moving item! (Tumult's Blood) from Safe 79 to Inventory 35)
2025-11-16 12:49:42| Organizer [VERBOSE] Moving item! (Sarama's Hide) from Safe 2 69 to Inventory 36)
2025-11-16 12:49:42| Organizer [VERBOSE] Got 4 item(s), and failed getting 0 item(s)
2025-11-16 12:49:42| Organizer [WARN] Cannot move the item (Linos). It has already been moved.
2025-11-16 12:49:42| Organizer [WARN] Cannot move the item (Fili Earring +1). It has already been moved.
2025-11-16 12:49:42| Organizer [VERBOSE] Moving item! (Kara. Pantaloni +2) from Inventory 37 to Safe 78)
2025-11-16 12:49:42| Organizer [VERBOSE] Moving item! (Karagoz Scarpe +2) from Inventory 36 to Safe 79)
2025-11-16 12:49:42| Organizer [VERBOSE] No remainder, so we found everything we were looking for!
2025-11-16 12:49:42| Organizer [WARN] Cannot move the item (Linos). It has already been moved.
2025-11-16 12:49:42| Organizer [WARN] Cannot move the item (Fili Earring +1). It has already been moved.
2025-11-16 12:49:42| Organizer [MSG] Done! - 201 items matched and 0 items missing!
2025-11-16 12:49:50| Organizer [MSG] Starting...
2025-11-16 12:49:50| Organizer [VERBOSE] Getting!
2025-11-16 12:49:50| Organizer [VERBOSE] Moving item! (Automat. Oil +3) from Safe 79 to Inventory 36)
2025-11-16 12:49:50| Organizer [VERBOSE] Moving item! (Kara. Cappello +2) from Locker 79 to Inventory 37)
2025-11-16 12:49:50| Organizer [VERBOSE] Moving item! (Kara. Farsetto +2) from Locker 78 to Inventory 38)
2025-11-16 12:49:50| Organizer [VERBOSE] Moving item! (Tali'ah Turban +2) from Safe 2 80 to Inventory 39)
2025-11-16 12:49:50| Organizer [VERBOSE] Moving item! (Kara. Pantaloni +2) from Locker 77 to Inventory 40)
2025-11-16 12:49:50| Organizer [VERBOSE] Moving item! (Guignol Earring) from Safe 78 to Inventory 41)
2025-11-16 12:49:50| Organizer [VERBOSE] Moving item! (Pitre Tobe +3) from Locker 76 to Inventory 42)
2025-11-16 12:49:50| Organizer [VERBOSE] Moving item! (Denouements) from Safe 77 to Inventory 43)
2025-11-16 12:49:50| Organizer [VERBOSE] Moving item! (Karagoz Guanti +2) from Locker 75 to Inventory 44)
2025-11-16 12:49:50| Organizer [VERBOSE] Moving item! (Pitre Taj +3) from Locker 74 to Inventory 45)
2025-11-16 12:49:50| Organizer [VERBOSE] Moving item! (Karagoz Scarpe +2) from Locker 73 to Inventory 46)
2025-11-16 12:49:50| Organizer [VERBOSE] Moving item! (Pitre Babouches +3) from Locker 72 to Inventory 47)
2025-11-16 12:49:50| Organizer [VERBOSE] Moving item! (Heyoka Mittens) from Safe 76 to Inventory 48)
2025-11-16 12:49:50| Organizer [VERBOSE] Moving item! (Tali'ah Crackows +2) from Safe 2 79 to Inventory 49)
2025-11-16 12:49:50| Organizer [VERBOSE] Moving item! (Foire Babouches +3) from Safe 2 78 to Inventory 50)
2025-11-16 12:49:50| Organizer [VERBOSE] Moving item! (Foire Dastanas +3) from Safe 2 77 to Inventory 51)
2025-11-16 12:49:50| Organizer [VERBOSE] Moving item! (Pitre Churidars +3) from Locker 71 to Inventory 52)
2025-11-16 12:49:50| Organizer [VERBOSE] Moving item! (Heyoka Harness) from Safe 75 to Inventory 53)
2025-11-16 12:49:50| Organizer [VERBOSE] Moving item! (Gelai Earring) from Safe 74 to Inventory 54)
2025-11-16 12:49:50| Organizer [VERBOSE] Moving item! (Herculean Helm) from Safe 73 to Inventory 55)
2025-11-16 12:49:50| Organizer [VERBOSE] Moving item! (Tali'ah Ring) from Safe 2 76 to Inventory 56)
2025-11-16 12:49:50| Organizer [VERBOSE] Moving item! (Hiza. Haramaki +2) from Safe 2 75 to Inventory 57)
2025-11-16 12:49:50| Organizer [VERBOSE] Moving item! (Sakpata's Fists) from Safe 72 to Inventory 58)
2025-11-16 12:49:50| Organizer [VERBOSE] Moving item! (Varga Purnikawa) from Safe 71 to Inventory 59)
2025-11-16 12:49:50| Organizer [VERBOSE] Moving item! (Bean Daifuku) from Safe 70 to Inventory 60)
2025-11-16 12:49:50| Organizer [VERBOSE] Got 25 item(s), and failed getting 0 item(s)
2025-11-16 12:49:50| Organizer [VERBOSE] Moving item! (Sanctity Necklace) from Inventory 61 to Safe 69)
2025-11-16 12:49:50| Organizer [VERBOSE] Moving item! (Bard's Charm +2) from Inventory 60 to Safe 70)
2025-11-16 12:49:50| Organizer [VERBOSE] Moving item! (Haoma's Ring) from Inventory 59 to Safe 71)
2025-11-16 12:49:50| Organizer [VERBOSE] Moving item! (Mou. Manteel +1) from Inventory 58 to Safe 72)
2025-11-16 12:49:50| Organizer [VERBOSE] Moving item! (Mou. Seraweels +1) from Inventory 57 to Safe 73)
2025-11-16 12:49:50| Organizer [VERBOSE] Moving item! (Linos) from Inventory 56 to Safe 74)
2025-11-16 12:49:50| Organizer [VERBOSE] Moving item! (Fili Cothurnes +2) from Inventory 55 to Safe 75)
2025-11-16 12:49:50| Organizer [VERBOSE] Moving item! (Fili Earring +1) from Inventory 54 to Safe 76)
2025-11-16 12:49:50| Organizer [VERBOSE] Moving item! (Mou. Crackows +1) from Inventory 53 to Safe 77)
2025-11-16 12:49:50| Organizer [VERBOSE] Moving item! (Mousai Turban +1) from Inventory 52 to Safe 78)
2025-11-16 12:49:50| Organizer [WARN] Cannot move the item (Sakpata's Fists). It has already been moved.
2025-11-16 12:49:50| Organizer [VERBOSE] Moving item! (Hidhaegg's Scale) from Inventory 51 to Safe 79)
2025-11-16 12:49:50| Organizer [VERBOSE] Moving item! (Sovereign's Hide) from Inventory 50 to Safe 2 74)
2025-11-16 12:49:50| Organizer [VERBOSE] Moving item! (Pukatrice Egg) from Inventory 49 to Safe 2 75)
2025-11-16 12:49:50| Organizer [VERBOSE] Moving item! (Tumult's Blood) from Inventory 48 to Safe 2 76)
2025-11-16 12:49:50| Organizer [VERBOSE] Moving item! (Sarama's Hide) from Inventory 47 to Safe 2 77)
2025-11-16 12:49:50| Organizer [VERBOSE] No remainder, so we found everything we were looking for!
2025-11-16 12:49:50| Organizer [WARN] Cannot move the item (Sakpata's Fists). It has already been moved.
2025-11-16 12:49:50| Organizer [MSG] Done! - 242 items matched and 0 items missing!
